[+] : apt-daily-upgrade.service: Consumed 8.821s CPU time.
[+] : magicsock: disco: node [atEDD] d:eb09b87b441d8b49 now using [MASKED_IP]:41641 mtu=1360 tx=786ab9c58a62
[+] : Started session-13.scope - Session 13 of User ken.
[+] : Detected new session 13 at /org/freedesktop/login1/session/_313
[+] : (root) CMD (if [ -x /etc/init.d/anacron ] && ! [ -d /run/systemd/system ]; then exec /usr/sbin/invoke-rc.d anacron start >/dev/null; fi)
[+] : Starting sysstat-collect.service - system activity accounting tool...
[+] : sysstat-collect.service: Deactivated successfully.
[+] : Finished sysstat-collect.service - system activity accounting tool.
[+] : magicsock: disco: node [atEDD] d:eb09b87b441d8b49 now using [2a01:e0a:f03:d2f0:9828:81b6:7c:50bb]:41641 mtu=1360 tx=0ded30c516a2
[+] : magicsock: disco: node [atEDD] d:eb09b87b441d8b49 now using [MASKED_IP]:41641 mtu=1360 tx=d5a00048c5f3
[+] : magicsock: disco: node [atEDD] d:eb09b87b441d8b49 now using [MASKED_IP]:41641 mtu=1360 tx=9368d472547a
[+] : magicsock: disco: node [atEDD] d:eb09b87b441d8b49 now using [MASKED_IP]:41641 mtu=1360 tx=0f7994559600
[+] : Starting logrotate.service - Rotate log files...
[+] : magicsock: disco: node [atEDD] d:eb09b87b441d8b49 now using [2a01:e0a:f03:d2f0:9828:81b6:7c:50bb]:41641 mtu=1360 tx=8f0c96c2e1fd
[+] : magicsock: disco: node [atEDD] d:eb09b87b441d8b49 now using [MASKED_IP]:41641 mtu=1360 tx=255d54c8e3e3
[+] : Stopping cups-browsed.service - Make remote CUPS printers available locally...
[+] : cups-browsed.service: Deactivated successfully.
[+] : Stopped cups-browsed.service - Make remote CUPS printers available locally.
[+] : Stopping cups.service - CUPS Scheduler...
[+] : cups.service: Deactivated successfully.
[+] : Stopped cups.service - CUPS Scheduler.
[+] : cups.path: Deactivated successfully.
[+] : Stopped cups.path - CUPS Scheduler.
[+] : Stopping cups.path - CUPS Scheduler...
[+] : Started cups.path - CUPS Scheduler.
[+] : cups.socket: Deactivated successfully.
[+] : Closed cups.socket - CUPS Scheduler.
[+] : Stopping cups.socket - CUPS Scheduler...
[+] : Listening on cups.socket - CUPS Scheduler.
[+] : Starting cups.service - CUPS Scheduler...
[+] 2026-01-29T21:33:28.564137+01:00 ken kernel: audit: type=1400 audit(1769718808.561:280): apparmor="DENIED" operation="open" class="file" profile="/usr/sbin/cupsd" name="/etc/paperspecs" pid=11531 comm="cupsd" requested_mask="r" denied_mask="r" fsuid=0 ouid=0
[+] 2026-01-29T21:33:28.577118+01:00 ken kernel: audit: type=1400 audit(1769718808.575:281): apparmor="DENIED" operation="capable" class="cap" profile="/usr/sbin/cupsd" pid=11531 comm="cupsd" capability=12  capname="net_admin"
[+] : Started cups.service - CUPS Scheduler.
[+] : Started cups-browsed.service - Make remote CUPS printers available locally.
[+] : logrotate.service: Deactivated successfully.
[+] : Finished logrotate.service - Rotate log files.
[+] : Started anacron.service - Run anacron jobs.
[+] : Anacron 2.3 started on 2026-01-29
[+] : Normal exit (0 jobs run)
[+] : anacron.service: Deactivated successfully.
[+] : magicsock: disco: node [atEDD] d:eb09b87b441d8b49 now using [MASKED_IP]:41641 mtu=1360 tx=e9a206bd7c9b
[+] IN=wlan0 OUT= MAC=01:00:5e:00:00:fb:1a:a3:04:c9:7a:75:08:00 SRC=[MASKED_IP] DST=[MASKED_IP] LEN=32 TOS=0x00 PREC=0x00 TTL=1 ID=20914 PROTO=2
[+] : (root) CMD (command -v debian-sa1 > /dev/null && debian-sa1 1 1)
[+] : magicsock: disco: node [atEDD] d:eb09b87b441d8b49 now using [2a01:e0a:f03:d2f0:9828:81b6:7c:50bb]:41641 mtu=1360 tx=b8ccd9cac830
[+] : magicsock: disco: node [atEDD] d:eb09b87b441d8b49 now using [MASKED_IP]:41641 mtu=1360 tx=3d7a467f5eab
[+] : (root) CMD (  [ -x /usr/lib/php/sessionclean ] && if [ ! -d /run/systemd/system ]; then /usr/lib/php/sessionclean; fi)
[+] : wg: [atEDD] - Failed to derive keypair: invalid state for keypair derivation: handshakeZeroed
[+] : magicsock: disco: node [atEDD] d:eb09b87b441d8b49 now using [2a01:e0a:f03:d2f0:9828:81b6:7c:50bb]:41641 mtu=1360 tx=181dbbc253f6
[+] : magicsock: disco: node [atEDD] d:eb09b87b441d8b49 now using [MASKED_IP]:41641 mtu=1360 tx=e3237a4ebd44
[+] : Starting phpsessionclean.service - Clean php session files...
[+] : phpsessionclean.service: Deactivated successfully.
[+] : Finished phpsessionclean.service - Clean php session files.
[+] : Starting sysstat-collect.service - system activity accounting tool...
[+] : sysstat-collect.service: Deactivated successfully.
